<?xml version="1.0" encoding="UTF-8"?>
<coverage generated="1586218146686" clover="3.2.0">
  <project timestamp="1586218146686" name="All files">
    <metrics statements="44" coveredstatements="41" conditionals="7" coveredconditionals="5" methods="19" coveredmethods="14" elements="70" coveredelements="60" complexity="0" loc="44" ncloc="44" packages="1" files="2" classes="2"/>
    <file name="AutoComponent.js" path="E:\myWork\learn\react\react-lib\auto-complete\src\components\AutoComponent.js">
      <metrics statements="31" coveredstatements="28" conditionals="5" coveredconditionals="4" methods="14" coveredmethods="10"/>
      <line num="6" count="1" type="stmt"/>
      <line num="13" count="1" type="stmt"/>
      <line num="22" count="5" type="stmt"/>
      <line num="23" count="5" type="stmt"/>
      <line num="25" count="5" type="stmt"/>
      <line num="26" count="0" type="stmt"/>
      <line num="27" count="0" type="stmt"/>
      <line num="30" count="5" type="cond" truecount="0" falsecount="1"/>
      <line num="31" count="3" type="stmt"/>
      <line num="32" count="3" type="stmt"/>
      <line num="35" count="5" type="stmt"/>
      <line num="36" count="1" type="stmt"/>
      <line num="39" count="5" type="stmt"/>
      <line num="40" count="1" type="stmt"/>
      <line num="41" count="1" type="stmt"/>
      <line num="44" count="5" type="stmt"/>
      <line num="45" count="1" type="stmt"/>
      <line num="46" count="1" type="stmt"/>
      <line num="49" count="5" type="stmt"/>
      <line num="50" count="1" type="stmt"/>
      <line num="51" count="1" type="stmt"/>
      <line num="54" count="5" type="stmt"/>
      <line num="60" count="1" type="stmt"/>
      <line num="63" count="1" type="stmt"/>
      <line num="66" count="1" type="stmt"/>
      <line num="69" count="1" type="stmt"/>
      <line num="77" count="0" type="stmt"/>
      <line num="85" count="1" type="stmt"/>
      <line num="86" count="1" type="stmt"/>
      <line num="96" count="1" type="stmt"/>
      <line num="97" count="1" type="stmt"/>
    </file>
    <file name="SelectBox.js" path="E:\myWork\learn\react\react-lib\auto-complete\src\components\SelectBox.js">
      <metrics statements="13" coveredstatements="13" conditionals="2" coveredconditionals="1" methods="5" coveredmethods="4"/>
      <line num="5" count="1" type="stmt"/>
      <line num="6" count="1" type="stmt"/>
      <line num="18" count="1" type="stmt"/>
      <line num="24" count="1" type="stmt"/>
      <line num="25" count="4" type="stmt"/>
      <line num="26" count="1" type="stmt"/>
      <line num="29" count="4" type="stmt"/>
      <line num="33" count="12" type="stmt"/>
      <line num="34" count="12" type="cond" truecount="1" falsecount="1"/>
      <line num="36" count="12" type="stmt"/>
      <line num="39" count="1" type="stmt"/>
      <line num="53" count="1" type="stmt"/>
      <line num="59" count="1" type="stmt"/>
    </file>
  </project>
</coverage>
