{"E:\\myWork\\learn\\react\\react-lib\\auto-complete\\src\\components\\AutoComponent.js": {"path":"E:\\myWork\\learn\\react\\react-lib\\auto-complete\\src\\components\\AutoComponent.js","statementMap":{"0":{"start":{"line":6,"column":14},"end":{"line":11,"column":1}},"1":{"start":{"line":13,"column":21},"end":{"line":83,"column":1}},"2":{"start":{"line":22,"column":29},"end":{"line":22,"column":44}},"3":{"start":{"line":23,"column":44},"end":{"line":23,"column":59}},"4":{"start":{"line":25,"column":28},"end":{"line":28,"column":3}},"5":{"start":{"line":26,"column":4},"end":{"line":26,"column":18}},"6":{"start":{"line":27,"column":4},"end":{"line":27,"column":18}},"7":{"start":{"line":30,"column":24},"end":{"line":33,"column":3}},"8":{"start":{"line":31,"column":27},"end":{"line":31,"column":39}},"9":{"start":{"line":32,"column":4},"end":{"line":32,"column":22}},"10":{"start":{"line":35,"column":24},"end":{"line":37,"column":3}},"11":{"start":{"line":36,"column":4},"end":{"line":36,"column":18}},"12":{"start":{"line":39,"column":18},"end":{"line":42,"column":3}},"13":{"start":{"line":40,"column":4},"end":{"line":40,"column":18}},"14":{"start":{"line":41,"column":4},"end":{"line":41,"column":18}},"15":{"start":{"line":44,"column":23},"end":{"line":47,"column":3}},"16":{"start":{"line":45,"column":4},"end":{"line":45,"column":27}},"17":{"start":{"line":46,"column":4},"end":{"line":46,"column":14}},"18":{"start":{"line":49,"column":22},"end":{"line":52,"column":3}},"19":{"start":{"line":50,"column":4},"end":{"line":50,"column":28}},"20":{"start":{"line":51,"column":4},"end":{"line":51,"column":13}},"21":{"start":{"line":54,"column":2},"end":{"line":82,"column":4}},"22":{"start":{"line":60,"column":10},"end":{"line":60,"column":46}},"23":{"start":{"line":63,"column":10},"end":{"line":63,"column":40}},"24":{"start":{"line":66,"column":10},"end":{"line":66,"column":45}},"25":{"start":{"line":69,"column":10},"end":{"line":69,"column":24}},"26":{"start":{"line":77,"column":12},"end":{"line":77,"column":35}},"27":{"start":{"line":85,"column":17},"end":{"line":85,"column":31}},"28":{"start":{"line":86,"column":0},"end":{"line":94,"column":2}},"29":{"start":{"line":96,"column":25},"end":{"line":96,"column":33}},"30":{"start":{"line":97,"column":0},"end":{"line":105,"column":2}}},"fnMap":{"0":{"name":"(anonymous_0)","decl":{"start":{"line":13,"column":21},"end":{"line":13,"column":22}},"loc":{"start":{"line":21,"column":6},"end":{"line":83,"column":1}},"line":21},"1":{"name":"(anonymous_1)","decl":{"start":{"line":25,"column":28},"end":{"line":25,"column":29}},"loc":{"start":{"line":25,"column":37},"end":{"line":28,"column":3}},"line":25},"2":{"name":"(anonymous_2)","decl":{"start":{"line":30,"column":24},"end":{"line":30,"column":25}},"loc":{"start":{"line":30,"column":60},"end":{"line":33,"column":3}},"line":30},"3":{"name":"(anonymous_3)","decl":{"start":{"line":30,"column":47},"end":{"line":30,"column":48}},"loc":{"start":{"line":30,"column":53},"end":{"line":30,"column":55}},"line":30},"4":{"name":"(anonymous_4)","decl":{"start":{"line":35,"column":24},"end":{"line":35,"column":25}},"loc":{"start":{"line":35,"column":33},"end":{"line":37,"column":3}},"line":35},"5":{"name":"(anonymous_5)","decl":{"start":{"line":39,"column":18},"end":{"line":39,"column":19}},"loc":{"start":{"line":39,"column":27},"end":{"line":42,"column":3}},"line":39},"6":{"name":"(anonymous_6)","decl":{"start":{"line":44,"column":23},"end":{"line":44,"column":24}},"loc":{"start":{"line":44,"column":29},"end":{"line":47,"column":3}},"line":44},"7":{"name":"(anonymous_7)","decl":{"start":{"line":49,"column":22},"end":{"line":49,"column":23}},"loc":{"start":{"line":49,"column":28},"end":{"line":52,"column":3}},"line":49},"8":{"name":"(anonymous_8)","decl":{"start":{"line":59,"column":18},"end":{"line":59,"column":19}},"loc":{"start":{"line":59,"column":29},"end":{"line":61,"column":9}},"line":59},"9":{"name":"(anonymous_9)","decl":{"start":{"line":62,"column":17},"end":{"line":62,"column":18}},"loc":{"start":{"line":62,"column":28},"end":{"line":64,"column":9}},"line":62},"10":{"name":"(anonymous_10)","decl":{"start":{"line":65,"column":17},"end":{"line":65,"column":18}},"loc":{"start":{"line":65,"column":28},"end":{"line":67,"column":9}},"line":65},"11":{"name":"(anonymous_11)","decl":{"start":{"line":68,"column":16},"end":{"line":68,"column":17}},"loc":{"start":{"line":68,"column":22},"end":{"line":70,"column":9}},"line":68},"12":{"name":"(anonymous_12)","decl":{"start":{"line":76,"column":20},"end":{"line":76,"column":21}},"loc":{"start":{"line":76,"column":29},"end":{"line":78,"column":11}},"line":76},"13":{"name":"(anonymous_13)","decl":{"start":{"line":96,"column":25},"end":{"line":96,"column":26}},"loc":{"start":{"line":96,"column":31},"end":{"line":96,"column":33}},"line":96}},"branchMap":{"0":{"loc":{"start":{"line":30,"column":32},"end":{"line":30,"column":55}},"type":"default-arg","locations":[{"start":{"line":30,"column":47},"end":{"line":30,"column":55}}],"line":30},"1":{"loc":{"start":{"line":72,"column":7},"end":{"line":80,"column":14}},"type":"cond-expr","locations":[{"start":{"line":73,"column":8},"end":{"line":79,"column":10}},{"start":{"line":80,"column":10},"end":{"line":80,"column":14}}],"line":72},"2":{"loc":{"start":{"line":72,"column":7},"end":{"line":72,"column":42}},"type":"binary-expr","locations":[{"start":{"line":72,"column":7},"end":{"line":72,"column":25}},{"start":{"line":72,"column":29},"end":{"line":72,"column":42}}],"line":72}},"s":{"0":1,"1":1,"2":5,"3":5,"4":5,"5":0,"6":0,"7":5,"8":3,"9":3,"10":5,"11":1,"12":5,"13":1,"14":1,"15":5,"16":1,"17":1,"18":5,"19":1,"20":1,"21":5,"22":1,"23":1,"24":1,"25":1,"26":0,"27":1,"28":1,"29":1,"30":1},"f":{"0":5,"1":0,"2":3,"3":0,"4":1,"5":1,"6":1,"7":1,"8":1,"9":1,"10":1,"11":1,"12":0,"13":0},"b":{"0":[0],"1":[1,4],"2":[5,5]},"_coverageSchema":"1a1c01bbd47fc00a2c39e90264f33305004495a9","hash":"7341f3d5d969b4d2613c88c3a6ca6f555ce4329d"}
,"E:\\myWork\\learn\\react\\react-lib\\auto-complete\\src\\components\\SelectBox.js": {"path":"E:\\myWork\\learn\\react\\react-lib\\auto-complete\\src\\components\\SelectBox.js","statementMap":{"0":{"start":{"line":5,"column":28},"end":{"line":5,"column":36}},"1":{"start":{"line":6,"column":19},"end":{"line":16,"column":1}},"2":{"start":{"line":18,"column":23},"end":{"line":22,"column":1}},"3":{"start":{"line":24,"column":18},"end":{"line":51,"column":1}},"4":{"start":{"line":25,"column":25},"end":{"line":27,"column":3}},"5":{"start":{"line":26,"column":4},"end":{"line":26,"column":24}},"6":{"start":{"line":29,"column":2},"end":{"line":50,"column":4}},"7":{"start":{"line":33,"column":39},"end":{"line":33,"column":43}},"8":{"start":{"line":34,"column":30},"end":{"line":34,"column":69}},"9":{"start":{"line":36,"column":10},"end":{"line":46,"column":12}},"10":{"start":{"line":39,"column":16},"end":{"line":39,"column":42}},"11":{"start":{"line":53,"column":0},"end":{"line":57,"column":2}},"12":{"start":{"line":59,"column":0},"end":{"line":63,"column":2}}},"fnMap":{"0":{"name":"(anonymous_0)","decl":{"start":{"line":24,"column":18},"end":{"line":24,"column":19}},"loc":{"start":{"line":24,"column":52},"end":{"line":51,"column":1}},"line":24},"1":{"name":"(anonymous_1)","decl":{"start":{"line":25,"column":25},"end":{"line":25,"column":26}},"loc":{"start":{"line":25,"column":40},"end":{"line":27,"column":3}},"line":25},"2":{"name":"(anonymous_2)","decl":{"start":{"line":32,"column":21},"end":{"line":32,"column":22}},"loc":{"start":{"line":32,"column":38},"end":{"line":47,"column":9}},"line":32},"3":{"name":"(anonymous_3)","decl":{"start":{"line":38,"column":27},"end":{"line":38,"column":28}},"loc":{"start":{"line":38,"column":33},"end":{"line":40,"column":15}},"line":38},"4":{"name":"(anonymous_4)","decl":{"start":{"line":61,"column":12},"end":{"line":61,"column":13}},"loc":{"start":{"line":61,"column":18},"end":{"line":61,"column":20}},"line":61}},"branchMap":{"0":{"loc":{"start":{"line":34,"column":30},"end":{"line":34,"column":69}},"type":"cond-expr","locations":[{"start":{"line":34,"column":52},"end":{"line":34,"column":64}},{"start":{"line":34,"column":67},"end":{"line":34,"column":69}}],"line":34}},"s":{"0":1,"1":1,"2":1,"3":1,"4":4,"5":1,"6":4,"7":12,"8":12,"9":12,"10":1,"11":1,"12":1},"f":{"0":4,"1":1,"2":12,"3":1,"4":0},"b":{"0":[0,12]},"_coverageSchema":"1a1c01bbd47fc00a2c39e90264f33305004495a9","hash":"d7c60097e9c18764bbdab82d35ee81dc391661d2"}
}
