TN:
SF:src\components\AutoComponent.js
FN:13,(anonymous_0)
FN:25,(anonymous_1)
FN:30,(anonymous_2)
FN:30,(anonymous_3)
FN:35,(anonymous_4)
FN:39,(anonymous_5)
FN:44,(anonymous_6)
FN:49,(anonymous_7)
FN:59,(anonymous_8)
FN:62,(anonymous_9)
FN:65,(anonymous_10)
FN:68,(anonymous_11)
FN:76,(anonymous_12)
FN:96,(anonymous_13)
FNF:14
FNH:10
FNDA:5,(anonymous_0)
FNDA:0,(anonymous_1)
FNDA:3,(anonymous_2)
FNDA:0,(anonymous_3)
FNDA:1,(anonymous_4)
FNDA:1,(anonymous_5)
FNDA:1,(anonymous_6)
FNDA:1,(anonymous_7)
FNDA:1,(anonymous_8)
FNDA:1,(anonymous_9)
FNDA:1,(anonymous_10)
FNDA:1,(anonymous_11)
FNDA:0,(anonymous_12)
FNDA:0,(anonymous_13)
DA:6,1
DA:13,1
DA:22,5
DA:23,5
DA:25,5
DA:26,0
DA:27,0
DA:30,5
DA:31,3
DA:32,3
DA:35,5
DA:36,1
DA:39,5
DA:40,1
DA:41,1
DA:44,5
DA:45,1
DA:46,1
DA:49,5
DA:50,1
DA:51,1
DA:54,5
DA:60,1
DA:63,1
DA:66,1
DA:69,1
DA:77,0
DA:85,1
DA:86,1
DA:96,1
DA:97,1
LF:31
LH:28
BRDA:30,0,0,0
BRDA:72,1,0,1
BRDA:72,1,1,4
BRDA:72,2,0,5
BRDA:72,2,1,5
BRF:5
BRH:4
end_of_record
TN:
SF:src\components\SelectBox.js
FN:24,(anonymous_0)
FN:25,(anonymous_1)
FN:32,(anonymous_2)
FN:38,(anonymous_3)
FN:61,(anonymous_4)
FNF:5
FNH:4
FNDA:4,(anonymous_0)
FNDA:1,(anonymous_1)
FNDA:12,(anonymous_2)
FNDA:1,(anonymous_3)
FNDA:0,(anonymous_4)
DA:5,1
DA:6,1
DA:18,1
DA:24,1
DA:25,4
DA:26,1
DA:29,4
DA:33,12
DA:34,12
DA:36,12
DA:39,1
DA:53,1
DA:59,1
LF:13
LH:13
BRDA:34,0,0,0
BRDA:34,0,1,12
BRF:2
BRH:1
end_of_record
